<?xml version="1.0" encoding="UTF-8"?>
<testng-results skipped="0" failed="0" total="1" passed="1">
  <reporter-output>
  </reporter-output>
  <suite name="Surefire suite" duration-ms="52" started-at="2019-04-07T17:53:49Z" finished-at="2019-04-07T17:53:49Z">
    <groups>
    </groups>
    <test name="Surefire test" duration-ms="52" started-at="2019-04-07T17:53:49Z" finished-at="2019-04-07T17:53:49Z">
      <class name="Cucumber_FW.Cucumber_FW.AppTest">
        <test-method status="PASS" signature="shouldAnswerWithTrue()[pri:0, instance:shouldAnswerWithTrue(Cucumber_FW.Cucumber_FW.AppTest)]" name="shouldAnswerWithTrue" duration-ms="2" started-at="2019-04-07T23:23:49Z" finished-at="2019-04-07T23:23:49Z">
          <reporter-output>
          </reporter-output>
        </test-method> <!-- shouldAnswerWithTrue -->
      </class> <!-- Cucumber_FW.Cucumber_FW.AppTest -->
    </test> <!-- Surefire test -->
  </suite> <!-- Surefire suite -->
</testng-results>
